mode: set
github.com/knakk/rdf/parse/decoder.go:24.33,25.11 1 0
github.com/knakk/rdf/parse/decoder.go:26.2,27.19 1 0
github.com/knakk/rdf/parse/decoder.go:28.2,29.18 1 0
github.com/knakk/rdf/parse/decoder.go:30.2,31.21 1 0
github.com/knakk/rdf/parse/decoder.go:32.2,33.19 1 0
github.com/knakk/rdf/parse/decoder.go:34.2,35.17 1 0
github.com/knakk/rdf/parse/decoder.go:36.2,37.26 1 0
github.com/knakk/rdf/parse/decoder.go:56.36,57.13 1 0
github.com/knakk/rdf/parse/decoder.go:58.2,59.23 1 0
github.com/knakk/rdf/parse/decoder.go:60.2,61.16 1 0
github.com/knakk/rdf/parse/decoder.go:62.2,63.22 1 0
github.com/knakk/rdf/parse/decoder.go:65.2,66.27 1 0
github.com/knakk/rdf/parse/decoder.go:94.42,103.2 2 1
github.com/knakk/rdf/parse/decoder.go:106.41,112.2 2 1
github.com/knakk/rdf/parse/decoder.go:116.64,117.45 1 1
github.com/knakk/rdf/parse/decoder.go:120.2,124.3 1 1
github.com/knakk/rdf/parse/decoder.go:117.45,119.3 1 0
github.com/knakk/rdf/parse/decoder.go:130.54,131.13 1 1
github.com/knakk/rdf/parse/decoder.go:138.2,138.75 1 0
github.com/knakk/rdf/parse/decoder.go:132.2,133.21 1 1
github.com/knakk/rdf/parse/decoder.go:134.2,135.22 1 1
github.com/knakk/rdf/parse/decoder.go:142.50,144.2 1 1
github.com/knakk/rdf/parse/decoder.go:149.33,151.2 1 1
github.com/knakk/rdf/parse/decoder.go:155.32,156.25 1 1
github.com/knakk/rdf/parse/decoder.go:157.2,161.22 4 1
github.com/knakk/rdf/parse/decoder.go:162.2,164.30 2 1
github.com/knakk/rdf/parse/decoder.go:165.2,167.46 2 1
github.com/knakk/rdf/parse/decoder.go:171.36,172.25 1 0
github.com/knakk/rdf/parse/decoder.go:172.25,174.3 1 0
github.com/knakk/rdf/parse/decoder.go:174.3,179.3 4 0
github.com/knakk/rdf/parse/decoder.go:183.26,185.2 1 1
github.com/knakk/rdf/parse/decoder.go:188.32,189.21 1 1
github.com/knakk/rdf/parse/decoder.go:195.2,195.30 1 1
github.com/knakk/rdf/parse/decoder.go:189.21,191.3 1 1
github.com/knakk/rdf/parse/decoder.go:191.3,193.3 1 1
github.com/knakk/rdf/parse/decoder.go:199.32,200.21 1 1
github.com/knakk/rdf/parse/decoder.go:203.2,205.20 3 1
github.com/knakk/rdf/parse/decoder.go:200.21,202.3 1 1
github.com/knakk/rdf/parse/decoder.go:209.28,211.2 1 1
github.com/knakk/rdf/parse/decoder.go:214.37,217.2 2 0
github.com/knakk/rdf/parse/decoder.go:220.41,224.2 3 0
github.com/knakk/rdf/parse/decoder.go:232.37,233.22 1 1
github.com/knakk/rdf/parse/decoder.go:259.2,259.19 1 1
github.com/knakk/rdf/parse/decoder.go:234.2,236.23 2 1
github.com/knakk/rdf/parse/decoder.go:239.3,241.50 3 1
github.com/knakk/rdf/parse/decoder.go:242.2,245.30 3 1
github.com/knakk/rdf/parse/decoder.go:246.2,249.50 3 1
github.com/knakk/rdf/parse/decoder.go:250.2,252.20 2 1
github.com/knakk/rdf/parse/decoder.go:253.2,254.13 1 1
github.com/knakk/rdf/parse/decoder.go:255.2,257.21 2 1
github.com/knakk/rdf/parse/decoder.go:236.23,238.4 1 0
github.com/knakk/rdf/parse/decoder.go:263.35,265.17 2 1
github.com/knakk/rdf/parse/decoder.go:266.2,267.23 1 1
github.com/knakk/rdf/parse/decoder.go:275.3,278.13 4 1
github.com/knakk/rdf/parse/decoder.go:279.2,282.13 3 1
github.com/knakk/rdf/parse/decoder.go:283.2,285.31 2 1
github.com/knakk/rdf/parse/decoder.go:290.3,290.28 1 1
github.com/knakk/rdf/parse/decoder.go:296.3,296.18 1 1
github.com/knakk/rdf/parse/decoder.go:297.2,305.28 5 1
github.com/knakk/rdf/parse/decoder.go:311.3,311.18 1 1
github.com/knakk/rdf/parse/decoder.go:312.2,313.37 1 1
github.com/knakk/rdf/parse/decoder.go:316.3,316.13 1 1
github.com/knakk/rdf/parse/decoder.go:318.2,319.37 1 1
github.com/knakk/rdf/parse/decoder.go:333.3,334.13 2 0
github.com/knakk/rdf/parse/decoder.go:268.3,270.19 1 1
github.com/knakk/rdf/parse/decoder.go:271.3,273.19 1 1
github.com/knakk/rdf/parse/decoder.go:285.31,289.4 2 1
github.com/knakk/rdf/parse/decoder.go:290.28,294.4 2 1
github.com/knakk/rdf/parse/decoder.go:305.28,309.4 2 1
github.com/knakk/rdf/parse/decoder.go:313.37,315.4 1 0
github.com/knakk/rdf/parse/decoder.go:319.37,332.4 10 1
github.com/knakk/rdf/parse/decoder.go:339.38,341.2 1 1
github.com/knakk/rdf/parse/decoder.go:343.39,347.27 2 1
github.com/knakk/rdf/parse/decoder.go:350.2,351.17 2 1
github.com/knakk/rdf/parse/decoder.go:392.2,392.23 1 1
github.com/knakk/rdf/parse/decoder.go:347.27,349.3 1 1
github.com/knakk/rdf/parse/decoder.go:352.2,353.42 1 1
github.com/knakk/rdf/parse/decoder.go:354.2,355.51 1 1
github.com/knakk/rdf/parse/decoder.go:356.2,357.43 1 1
github.com/knakk/rdf/parse/decoder.go:358.2,360.63 2 1
github.com/knakk/rdf/parse/decoder.go:361.2,363.10 2 1
github.com/knakk/rdf/parse/decoder.go:366.3,367.47 2 1
github.com/knakk/rdf/parse/decoder.go:368.2,373.26 4 1
github.com/knakk/rdf/parse/decoder.go:374.2,375.41 1 1
github.com/knakk/rdf/parse/decoder.go:380.3,385.21 6 1
github.com/knakk/rdf/parse/decoder.go:386.2,387.67 1 1
github.com/knakk/rdf/parse/decoder.go:388.2,389.48 1 0
github.com/knakk/rdf/parse/decoder.go:363.10,365.4 1 1
github.com/knakk/rdf/parse/decoder.go:375.41,378.9 2 0
github.com/knakk/rdf/parse/decoder.go:395.41,396.27 1 1
github.com/knakk/rdf/parse/decoder.go:399.2,400.17 2 1
github.com/knakk/rdf/parse/decoder.go:423.2,423.20 1 1
github.com/knakk/rdf/parse/decoder.go:396.27,398.3 1 1
github.com/knakk/rdf/parse/decoder.go:401.2,402.42 1 1
github.com/knakk/rdf/parse/decoder.go:403.2,404.51 1 1
github.com/knakk/rdf/parse/decoder.go:406.2,407.83 1 1
github.com/knakk/rdf/parse/decoder.go:408.2,409.43 1 0
github.com/knakk/rdf/parse/decoder.go:410.2,412.10 2 1
github.com/knakk/rdf/parse/decoder.go:415.3,416.47 2 1
github.com/knakk/rdf/parse/decoder.go:417.2,418.41 1 0
github.com/knakk/rdf/parse/decoder.go:419.2,420.76 1 0
github.com/knakk/rdf/parse/decoder.go:412.10,414.4 1 0
github.com/knakk/rdf/parse/decoder.go:426.38,428.17 2 1
github.com/knakk/rdf/parse/decoder.go:553.2,555.17 2 1
github.com/knakk/rdf/parse/decoder.go:429.2,430.41 1 1
github.com/knakk/rdf/parse/decoder.go:431.2,432.50 1 1
github.com/knakk/rdf/parse/decoder.go:434.2,435.42 1 1
github.com/knakk/rdf/parse/decoder.go:436.2,438.62 2 1
github.com/knakk/rdf/parse/decoder.go:439.2,446.16 4 1
github.com/knakk/rdf/parse/decoder.go:474.3,474.20 1 1
github.com/knakk/rdf/parse/decoder.go:475.2,481.4 2 1
github.com/knakk/rdf/parse/decoder.go:482.2,488.4 2 1
github.com/knakk/rdf/parse/decoder.go:489.2,495.4 2 1
github.com/knakk/rdf/parse/decoder.go:496.2,502.4 2 1
github.com/knakk/rdf/parse/decoder.go:503.2,505.10 2 1
github.com/knakk/rdf/parse/decoder.go:508.3,509.46 2 1
github.com/knakk/rdf/parse/decoder.go:510.2,525.13 10 1
github.com/knakk/rdf/parse/decoder.go:526.2,527.41 1 1
github.com/knakk/rdf/parse/decoder.go:535.3,545.13 10 1
github.com/knakk/rdf/parse/decoder.go:546.2,547.67 1 0
github.com/knakk/rdf/parse/decoder.go:548.2,549.73 1 0
github.com/knakk/rdf/parse/decoder.go:447.3,450.21 3 1
github.com/knakk/rdf/parse/decoder.go:451.3,454.19 3 1
github.com/knakk/rdf/parse/decoder.go:455.4,457.19 2 1
github.com/knakk/rdf/parse/decoder.go:461.4,463.12 2 1
github.com/knakk/rdf/parse/decoder.go:466.5,468.19 3 1
github.com/knakk/rdf/parse/decoder.go:457.19,460.6 2 1
github.com/knakk/rdf/parse/decoder.go:463.12,465.6 1 0
github.com/knakk/rdf/parse/decoder.go:468.19,471.6 2 1
github.com/knakk/rdf/parse/decoder.go:505.10,507.4 1 1
github.com/knakk/rdf/parse/decoder.go:527.41,531.9 3 1
github.com/knakk/rdf/parse/decoder.go:559.62,562.2 2 1
github.com/knakk/rdf/parse/decoder.go:565.55,567.2 1 1
github.com/knakk/rdf/parse/decoder.go:571.40,573.14 2 1
github.com/knakk/rdf/parse/decoder.go:581.2,581.8 1 1
github.com/knakk/rdf/parse/decoder.go:573.14,574.37 1 1
github.com/knakk/rdf/parse/decoder.go:579.3,579.20 1 1
github.com/knakk/rdf/parse/decoder.go:574.37,577.4 1 0
github.com/knakk/rdf/parse/decoder.go:585.71,587.23 2 1
github.com/knakk/rdf/parse/decoder.go:594.2,594.10 1 1
github.com/knakk/rdf/parse/decoder.go:587.23,588.26 1 1
github.com/knakk/rdf/parse/decoder.go:588.26,590.4 1 1
github.com/knakk/rdf/parse/decoder.go:590.4,592.4 1 1
github.com/knakk/rdf/parse/decoder.go:598.73,600.29 2 1
github.com/knakk/rdf/parse/decoder.go:605.2,605.25 1 1
github.com/knakk/rdf/parse/decoder.go:610.2,610.10 1 0
github.com/knakk/rdf/parse/decoder.go:600.29,601.17 1 1
github.com/knakk/rdf/parse/decoder.go:601.17,603.4 1 1
github.com/knakk/rdf/parse/decoder.go:605.25,607.3 1 1
github.com/knakk/rdf/parse/decoder.go:607.3,609.3 1 1
github.com/knakk/rdf/parse/decoder.go:614.55,618.31 2 1
github.com/knakk/rdf/parse/decoder.go:622.2,622.30 1 1
github.com/knakk/rdf/parse/decoder.go:627.2,628.28 2 1
github.com/knakk/rdf/parse/decoder.go:635.2,636.28 2 1
github.com/knakk/rdf/parse/decoder.go:643.2,645.17 2 1
github.com/knakk/rdf/parse/decoder.go:675.2,680.30 3 1
github.com/knakk/rdf/parse/decoder.go:685.2,685.15 1 1
github.com/knakk/rdf/parse/decoder.go:618.31,620.13 2 1
github.com/knakk/rdf/parse/decoder.go:622.30,624.3 1 1
github.com/knakk/rdf/parse/decoder.go:628.28,630.3 1 1
github.com/knakk/rdf/parse/decoder.go:630.3,632.3 1 1
github.com/knakk/rdf/parse/decoder.go:636.28,638.3 1 1
github.com/knakk/rdf/parse/decoder.go:638.3,640.3 1 0
github.com/knakk/rdf/parse/decoder.go:646.2,647.34 1 1
github.com/knakk/rdf/parse/decoder.go:648.2,655.16 4 1
github.com/knakk/rdf/parse/decoder.go:669.3,669.12 1 1
github.com/knakk/rdf/parse/decoder.go:670.2,671.33 1 1
github.com/knakk/rdf/parse/decoder.go:656.3,659.21 3 1
github.com/knakk/rdf/parse/decoder.go:660.3,664.18 4 1
github.com/knakk/rdf/parse/decoder.go:667.4,667.39 1 1
github.com/knakk/rdf/parse/decoder.go:664.18,666.5 1 1
github.com/knakk/rdf/parse/decoder.go:680.30,683.3 1 1
github.com/knakk/rdf/parse/decoder.go:689.53,692.31 2 1
github.com/knakk/rdf/parse/decoder.go:695.2,695.30 1 1
github.com/knakk/rdf/parse/decoder.go:700.2,704.28 3 1
github.com/knakk/rdf/parse/decoder.go:711.2,712.28 2 1
github.com/knakk/rdf/parse/decoder.go:719.2,721.17 2 1
github.com/knakk/rdf/parse/decoder.go:751.2,752.15 2 1
github.com/knakk/rdf/parse/decoder.go:766.2,771.30 3 1
github.com/knakk/rdf/parse/decoder.go:775.2,775.15 1 1
github.com/knakk/rdf/parse/decoder.go:692.31,694.3 1 1
github.com/knakk/rdf/parse/decoder.go:695.30,697.3 1 1
github.com/knakk/rdf/parse/decoder.go:704.28,706.3 1 1
github.com/knakk/rdf/parse/decoder.go:706.3,708.3 1 1
github.com/knakk/rdf/parse/decoder.go:712.28,714.3 1 1
github.com/knakk/rdf/parse/decoder.go:714.3,716.3 1 0
github.com/knakk/rdf/parse/decoder.go:722.2,723.34 1 1
github.com/knakk/rdf/parse/decoder.go:724.2,731.16 4 1
github.com/knakk/rdf/parse/decoder.go:745.3,745.12 1 1
github.com/knakk/rdf/parse/decoder.go:746.2,747.33 1 1
github.com/knakk/rdf/parse/decoder.go:732.3,735.21 3 1
github.com/knakk/rdf/parse/decoder.go:736.3,740.18 4 1
github.com/knakk/rdf/parse/decoder.go:743.4,743.39 1 1
github.com/knakk/rdf/parse/decoder.go:740.18,742.5 1 1
github.com/knakk/rdf/parse/decoder.go:753.2,755.35 2 1
github.com/knakk/rdf/parse/decoder.go:756.2,758.36 2 1
github.com/knakk/rdf/parse/decoder.go:759.2,760.8 1 1
github.com/knakk/rdf/parse/decoder.go:761.2,762.47 1 1
github.com/knakk/rdf/parse/decoder.go:771.30,774.3 1 1
github.com/knakk/rdf/parse/decoder.go:779.56,783.25 2 1
github.com/knakk/rdf/parse/decoder.go:788.2,788.30 1 1
github.com/knakk/rdf/parse/decoder.go:791.2,794.44 2 1
github.com/knakk/rdf/parse/decoder.go:798.2,798.25 1 1
github.com/knakk/rdf/parse/decoder.go:803.1,806.15 3 1
github.com/knakk/rdf/parse/decoder.go:783.25,784.12 1 1
github.com/knakk/rdf/parse/decoder.go:788.30,790.3 1 1
github.com/knakk/rdf/parse/decoder.go:794.44,796.3 1 1
github.com/knakk/rdf/parse/decoder.go:798.25,801.3 1 1
github.com/knakk/rdf/parse/decoder.go:812.62,813.18 1 1
github.com/knakk/rdf/parse/decoder.go:814.2,816.17 2 1
github.com/knakk/rdf/parse/decoder.go:819.3,819.16 1 1
github.com/knakk/rdf/parse/decoder.go:820.2,822.17 2 0
github.com/knakk/rdf/parse/decoder.go:825.3,825.16 1 0
github.com/knakk/rdf/parse/decoder.go:826.2,828.17 2 0
github.com/knakk/rdf/parse/decoder.go:831.3,831.17 1 0
github.com/knakk/rdf/parse/decoder.go:832.2,834.17 2 0
github.com/knakk/rdf/parse/decoder.go:837.3,837.16 1 0
github.com/knakk/rdf/parse/decoder.go:838.2,839.26 1 1
github.com/knakk/rdf/parse/decoder.go:841.2,842.104 1 1
github.com/knakk/rdf/parse/decoder.go:816.17,818.4 1 0
github.com/knakk/rdf/parse/decoder.go:822.17,824.4 1 0
github.com/knakk/rdf/parse/decoder.go:828.17,830.4 1 0
github.com/knakk/rdf/parse/decoder.go:834.17,836.4 1 0
github.com/knakk/rdf/parse/lex.go:108.27,110.2 1 1
github.com/knakk/rdf/parse/lex.go:112.27,114.2 1 1
github.com/knakk/rdf/parse/lex.go:116.34,118.2 1 1
github.com/knakk/rdf/parse/lex.go:120.37,121.35 1 1
github.com/knakk/rdf/parse/lex.go:126.2,126.14 1 1
github.com/knakk/rdf/parse/lex.go:121.35,122.35 1 1
github.com/knakk/rdf/parse/lex.go:122.35,124.4 1 1
github.com/knakk/rdf/parse/lex.go:129.33,131.2 1 1
github.com/knakk/rdf/parse/lex.go:133.30,135.2 1 1
github.com/knakk/rdf/parse/lex.go:137.29,139.2 1 1
github.com/knakk/rdf/parse/lex.go:141.34,143.2 1 1
github.com/knakk/rdf/parse/lex.go:145.32,147.2 1 1
github.com/knakk/rdf/parse/lex.go:181.35,188.2 3 1
github.com/knakk/rdf/parse/lex.go:190.39,198.2 3 1
github.com/knakk/rdf/parse/lex.go:201.29,202.27 1 1
github.com/knakk/rdf/parse/lex.go:206.2,209.10 4 1
github.com/knakk/rdf/parse/lex.go:202.27,205.3 2 1
github.com/knakk/rdf/parse/lex.go:213.29,217.2 3 1
github.com/knakk/rdf/parse/lex.go:220.26,222.2 1 1
github.com/knakk/rdf/parse/lex.go:224.56,225.14 1 1
github.com/knakk/rdf/parse/lex.go:228.2,229.25 2 1
github.com/knakk/rdf/parse/lex.go:232.2,232.33 1 1
github.com/knakk/rdf/parse/lex.go:225.14,227.3 1 1
github.com/knakk/rdf/parse/lex.go:229.25,231.3 1 1
github.com/knakk/rdf/parse/lex.go:235.45,239.26 3 1
github.com/knakk/rdf/parse/lex.go:282.2,282.21 1 1
github.com/knakk/rdf/parse/lex.go:239.26,240.15 1 1
github.com/knakk/rdf/parse/lex.go:280.3,280.6 1 1
github.com/knakk/rdf/parse/lex.go:241.3,244.16 3 1
github.com/knakk/rdf/parse/lex.go:276.4,276.20 1 1
github.com/knakk/rdf/parse/lex.go:277.3,278.23 1 1
github.com/knakk/rdf/parse/lex.go:245.4,246.13 1 1
github.com/knakk/rdf/parse/lex.go:247.4,248.13 1 1
github.com/knakk/rdf/parse/lex.go:249.4,250.13 1 1
github.com/knakk/rdf/parse/lex.go:251.4,252.13 1 1
github.com/knakk/rdf/parse/lex.go:253.4,254.13 1 1
github.com/knakk/rdf/parse/lex.go:255.4,256.12 1 1
github.com/knakk/rdf/parse/lex.go:257.4,258.13 1 0
github.com/knakk/rdf/parse/lex.go:259.4,260.13 1 1
github.com/knakk/rdf/parse/lex.go:261.4,267.13 4 1
github.com/knakk/rdf/parse/lex.go:268.4,274.13 4 1
github.com/knakk/rdf/parse/lex.go:285.45,289.26 3 1
github.com/knakk/rdf/parse/lex.go:304.2,304.21 1 1
github.com/knakk/rdf/parse/lex.go:289.26,290.15 1 1
github.com/knakk/rdf/parse/lex.go:302.3,302.6 1 1
github.com/knakk/rdf/parse/lex.go:291.3,294.16 3 1
github.com/knakk/rdf/parse/lex.go:298.4,298.20 1 1
github.com/knakk/rdf/parse/lex.go:299.3,300.23 1 1
github.com/knakk/rdf/parse/lex.go:295.4,296.13 1 1
github.com/knakk/rdf/parse/lex.go:308.37,309.36 1 1
github.com/knakk/rdf/parse/lex.go:314.2,321.17 2 1
github.com/knakk/rdf/parse/lex.go:309.36,313.3 2 1
github.com/knakk/rdf/parse/lex.go:325.26,327.2 1 1
github.com/knakk/rdf/parse/lex.go:331.58,333.44 2 1
github.com/knakk/rdf/parse/lex.go:336.2,337.17 2 1
github.com/knakk/rdf/parse/lex.go:333.44,335.3 1 1
github.com/knakk/rdf/parse/lex.go:343.44,344.37 1 1
github.com/knakk/rdf/parse/lex.go:347.2,347.50 1 1
github.com/knakk/rdf/parse/lex.go:351.2,351.14 1 1
github.com/knakk/rdf/parse/lex.go:344.37,346.3 1 0
github.com/knakk/rdf/parse/lex.go:347.50,350.3 2 1
github.com/knakk/rdf/parse/lex.go:357.54,358.37 1 1
github.com/knakk/rdf/parse/lex.go:361.2,361.30 1 1
github.com/knakk/rdf/parse/lex.go:379.2,380.13 2 1
github.com/knakk/rdf/parse/lex.go:358.37,360.3 1 1
github.com/knakk/rdf/parse/lex.go:361.30,363.16 2 1
github.com/knakk/rdf/parse/lex.go:366.3,366.14 1 1
github.com/knakk/rdf/parse/lex.go:374.3,374.19 1 1
github.com/knakk/rdf/parse/lex.go:377.3,377.15 1 0
github.com/knakk/rdf/parse/lex.go:363.16,364.12 1 1
github.com/knakk/rdf/parse/lex.go:366.14,368.20 1 1
github.com/knakk/rdf/parse/lex.go:371.4,371.16 1 1
github.com/knakk/rdf/parse/lex.go:368.20,369.13 1 0
github.com/knakk/rdf/parse/lex.go:374.19,375.12 1 1
github.com/knakk/rdf/parse/lex.go:384.35,387.2 2 1
github.com/knakk/rdf/parse/lex.go:389.43,392.34 2 1
github.com/knakk/rdf/parse/lex.go:396.2,397.38 2 1
github.com/knakk/rdf/parse/lex.go:403.2,403.15 1 1
github.com/knakk/rdf/parse/lex.go:412.2,412.13 1 1
github.com/knakk/rdf/parse/lex.go:392.34,394.3 1 1
github.com/knakk/rdf/parse/lex.go:397.38,400.13 2 1
github.com/knakk/rdf/parse/lex.go:403.15,406.3 1 1
github.com/knakk/rdf/parse/lex.go:406.3,410.3 3 1
github.com/knakk/rdf/parse/lex.go:416.23,417.6 1 1
github.com/knakk/rdf/parse/lex.go:429.2,429.17 1 1
github.com/knakk/rdf/parse/lex.go:417.6,418.21 1 1
github.com/knakk/rdf/parse/lex.go:422.3,422.41 1 1
github.com/knakk/rdf/parse/lex.go:418.21,419.9 1 1
github.com/knakk/rdf/parse/lex.go:422.41,424.4 1 1
github.com/knakk/rdf/parse/lex.go:436.68,444.2 2 1
github.com/knakk/rdf/parse/lex.go:446.31,448.11 2 1
github.com/knakk/rdf/parse/lex.go:449.2,451.12 2 1
github.com/knakk/rdf/parse/lex.go:462.2,463.22 1 1
github.com/knakk/rdf/parse/lex.go:467.3,469.18 3 1
github.com/knakk/rdf/parse/lex.go:470.2,472.16 2 1
github.com/knakk/rdf/parse/lex.go:473.2,475.36 2 1
github.com/knakk/rdf/parse/lex.go:482.3,483.24 2 1
github.com/knakk/rdf/parse/lex.go:484.2,487.24 2 1
github.com/knakk/rdf/parse/lex.go:488.2,490.20 2 1
github.com/knakk/rdf/parse/lex.go:491.2,493.20 2 1
github.com/knakk/rdf/parse/lex.go:494.2,496.19 2 1
github.com/knakk/rdf/parse/lex.go:497.2,500.16 2 1
github.com/knakk/rdf/parse/lex.go:501.2,504.57 1 1
github.com/knakk/rdf/parse/lex.go:506.3,506.15 1 1
github.com/knakk/rdf/parse/lex.go:511.3,514.16 4 1
github.com/knakk/rdf/parse/lex.go:515.2,520.16 3 1
github.com/knakk/rdf/parse/lex.go:521.2,524.16 3 1
github.com/knakk/rdf/parse/lex.go:525.2,528.16 3 1
github.com/knakk/rdf/parse/lex.go:529.2,530.24 1 1
github.com/knakk/rdf/parse/lex.go:534.3,536.16 3 1
github.com/knakk/rdf/parse/lex.go:537.2,538.23 1 1
github.com/knakk/rdf/parse/lex.go:542.3,544.16 3 1
github.com/knakk/rdf/parse/lex.go:545.2,548.13 3 1
github.com/knakk/rdf/parse/lex.go:549.2,551.16 2 1
github.com/knakk/rdf/parse/lex.go:552.2,554.16 2 1
github.com/knakk/rdf/parse/lex.go:555.2,559.13 3 1
github.com/knakk/rdf/parse/lex.go:560.2,561.40 1 1
github.com/knakk/rdf/parse/lex.go:570.3,571.24 2 1
github.com/knakk/rdf/parse/lex.go:572.2,573.38 1 1
github.com/knakk/rdf/parse/lex.go:577.3,578.24 2 0
github.com/knakk/rdf/parse/lex.go:579.2,580.28 1 1
github.com/knakk/rdf/parse/lex.go:584.3,585.24 2 0
github.com/knakk/rdf/parse/lex.go:586.2,587.29 1 1
github.com/knakk/rdf/parse/lex.go:591.3,592.24 2 1
github.com/knakk/rdf/parse/lex.go:593.2,594.23 1 1
github.com/knakk/rdf/parse/lex.go:598.3,598.45 1 0
github.com/knakk/rdf/parse/lex.go:452.3,454.20 2 1
github.com/knakk/rdf/parse/lex.go:455.3,457.18 2 1
github.com/knakk/rdf/parse/lex.go:458.3,460.46 2 0
github.com/knakk/rdf/parse/lex.go:463.22,465.4 1 0
github.com/knakk/rdf/parse/lex.go:475.36,476.14 1 1
github.com/knakk/rdf/parse/lex.go:476.14,479.5 2 1
github.com/knakk/rdf/parse/lex.go:504.57,505.4 0 1
github.com/knakk/rdf/parse/lex.go:506.15,510.4 3 1
github.com/knakk/rdf/parse/lex.go:530.24,533.4 2 1
github.com/knakk/rdf/parse/lex.go:538.23,541.4 2 1
github.com/knakk/rdf/parse/lex.go:561.40,564.59 2 1
github.com/knakk/rdf/parse/lex.go:566.4,568.36 3 1
github.com/knakk/rdf/parse/lex.go:564.59,565.5 0 1
github.com/knakk/rdf/parse/lex.go:573.38,576.4 2 1
github.com/knakk/rdf/parse/lex.go:580.28,583.4 2 1
github.com/knakk/rdf/parse/lex.go:587.29,590.4 2 1
github.com/knakk/rdf/parse/lex.go:594.23,597.4 2 1
github.com/knakk/rdf/parse/lex.go:602.36,607.17 2 1
github.com/knakk/rdf/parse/lex.go:612.2,612.47 1 1
github.com/knakk/rdf/parse/lex.go:619.2,619.13 1 1
github.com/knakk/rdf/parse/lex.go:607.17,609.3 1 0
github.com/knakk/rdf/parse/lex.go:612.47,614.60 2 1
github.com/knakk/rdf/parse/lex.go:617.3,617.15 1 0
github.com/knakk/rdf/parse/lex.go:614.60,615.12 1 1
github.com/knakk/rdf/parse/lex.go:622.40,625.6 3 1
github.com/knakk/rdf/parse/lex.go:670.2,671.23 2 1
github.com/knakk/rdf/parse/lex.go:625.6,627.15 2 1
github.com/knakk/rdf/parse/lex.go:630.3,630.35 1 1
github.com/knakk/rdf/parse/lex.go:636.3,636.16 1 1
github.com/knakk/rdf/parse/lex.go:658.3,658.32 1 1
github.com/knakk/rdf/parse/lex.go:665.3,665.15 1 1
github.com/knakk/rdf/parse/lex.go:627.15,629.4 1 0
github.com/knakk/rdf/parse/lex.go:630.35,631.16 1 1
github.com/knakk/rdf/parse/lex.go:631.16,633.5 1 1
github.com/knakk/rdf/parse/lex.go:636.16,639.15 2 1
github.com/knakk/rdf/parse/lex.go:640.4,642.32 2 1
github.com/knakk/rdf/parse/lex.go:645.5,645.19 1 1
github.com/knakk/rdf/parse/lex.go:646.4,648.32 2 1
github.com/knakk/rdf/parse/lex.go:651.5,651.19 1 1
github.com/knakk/rdf/parse/lex.go:652.4,653.54 1 0
github.com/knakk/rdf/parse/lex.go:654.4,655.75 1 1
github.com/knakk/rdf/parse/lex.go:642.32,644.6 1 1
github.com/knakk/rdf/parse/lex.go:648.32,650.6 1 1
github.com/knakk/rdf/parse/lex.go:658.32,660.64 1 1
github.com/knakk/rdf/parse/lex.go:660.64,663.5 2 1
github.com/knakk/rdf/parse/lex.go:665.15,667.9 1 1
github.com/knakk/rdf/parse/lex.go:674.31,676.16 2 1
github.com/knakk/rdf/parse/lex.go:679.2,679.14 1 1
github.com/knakk/rdf/parse/lex.go:686.2,689.15 3 1
github.com/knakk/rdf/parse/lex.go:676.16,678.3 1 0
github.com/knakk/rdf/parse/lex.go:679.14,681.3 1 1
github.com/knakk/rdf/parse/lex.go:681.3,683.3 1 1
github.com/knakk/rdf/parse/lex.go:692.35,698.22 5 1
github.com/knakk/rdf/parse/lex.go:706.2,706.21 1 1
github.com/knakk/rdf/parse/lex.go:712.1,713.6 1 1
github.com/knakk/rdf/parse/lex.go:766.1,767.21 1 1
github.com/knakk/rdf/parse/lex.go:774.2,779.11 4 1
github.com/knakk/rdf/parse/lex.go:698.22,700.17 2 1
github.com/knakk/rdf/parse/lex.go:703.3,704.15 2 1
github.com/knakk/rdf/parse/lex.go:700.17,701.9 1 1
github.com/knakk/rdf/parse/lex.go:706.21,710.12 3 1
github.com/knakk/rdf/parse/lex.go:713.6,714.12 1 1
github.com/knakk/rdf/parse/lex.go:764.3,764.15 1 1
github.com/knakk/rdf/parse/lex.go:715.3,716.23 1 1
github.com/knakk/rdf/parse/lex.go:720.4,720.21 1 1
github.com/knakk/rdf/parse/lex.go:723.3,724.23 1 1
github.com/knakk/rdf/parse/lex.go:727.3,728.63 1 1
github.com/knakk/rdf/parse/lex.go:729.3,732.15 2 1
github.com/knakk/rdf/parse/lex.go:750.3,752.23 1 1
github.com/knakk/rdf/parse/lex.go:761.4,762.15 2 1
github.com/knakk/rdf/parse/lex.go:716.23,718.5 1 0
github.com/knakk/rdf/parse/lex.go:720.21,722.5 1 0
github.com/knakk/rdf/parse/lex.go:724.23,726.5 1 0
github.com/knakk/rdf/parse/lex.go:733.4,734.19 1 1
github.com/knakk/rdf/parse/lex.go:735.4,736.32 1 1
github.com/knakk/rdf/parse/lex.go:739.5,739.19 1 1
github.com/knakk/rdf/parse/lex.go:740.4,741.32 1 1
github.com/knakk/rdf/parse/lex.go:744.5,744.19 1 1
github.com/knakk/rdf/parse/lex.go:745.4,746.63 1 0
github.com/knakk/rdf/parse/lex.go:747.4,748.72 1 1
github.com/knakk/rdf/parse/lex.go:736.32,738.6 1 1
github.com/knakk/rdf/parse/lex.go:741.32,743.6 1 1
github.com/knakk/rdf/parse/lex.go:752.23,754.26 1 1
github.com/knakk/rdf/parse/lex.go:757.5,757.26 1 1
github.com/knakk/rdf/parse/lex.go:754.26,755.11 1 1
github.com/knakk/rdf/parse/lex.go:757.26,758.11 1 1
github.com/knakk/rdf/parse/lex.go:767.21,769.3 1 1
github.com/knakk/rdf/parse/lex.go:769.3,771.3 1 1
github.com/knakk/rdf/parse/lex.go:780.2,782.17 2 1
github.com/knakk/rdf/parse/lex.go:783.2,784.22 1 1
github.com/knakk/rdf/parse/lex.go:787.3,793.16 2 1
github.com/knakk/rdf/parse/lex.go:794.2,795.16 1 1
github.com/knakk/rdf/parse/lex.go:796.2,798.16 2 1
github.com/knakk/rdf/parse/lex.go:784.22,786.4 1 1
github.com/knakk/rdf/parse/lex.go:802.34,812.11 4 1
github.com/knakk/rdf/parse/lex.go:867.2,867.15 1 1
github.com/knakk/rdf/parse/lex.go:813.2,813.16 0 1
github.com/knakk/rdf/parse/lex.go:814.2,816.16 1 0
github.com/knakk/rdf/parse/lex.go:817.2,820.7 1 1
github.com/knakk/rdf/parse/lex.go:856.3,856.10 1 1
github.com/knakk/rdf/parse/lex.go:820.7,822.11 2 1
github.com/knakk/rdf/parse/lex.go:823.4,824.13 1 1
github.com/knakk/rdf/parse/lex.go:825.4,826.15 1 1
github.com/knakk/rdf/parse/lex.go:831.5,832.44 2 1
github.com/knakk/rdf/parse/lex.go:837.5,837.18 1 1
github.com/knakk/rdf/parse/lex.go:838.4,839.13 1 1
github.com/knakk/rdf/parse/lex.go:842.5,844.29 3 1
github.com/knakk/rdf/parse/lex.go:847.4,848.77 1 1
github.com/knakk/rdf/parse/lex.go:852.5,852.78 1 1
github.com/knakk/rdf/parse/lex.go:826.15,829.17 2 1
github.com/knakk/rdf/parse/lex.go:832.44,835.17 2 1
github.com/knakk/rdf/parse/lex.go:839.13,841.6 1 0
github.com/knakk/rdf/parse/lex.go:844.29,846.6 1 1
github.com/knakk/rdf/parse/lex.go:848.77,850.17 2 1
github.com/knakk/rdf/parse/lex.go:857.3,858.30 1 1
github.com/knakk/rdf/parse/lex.go:859.3,860.31 1 1
github.com/knakk/rdf/parse/lex.go:861.3,862.31 1 1
github.com/knakk/rdf/parse/lex.go:870.33,872.14 2 1
github.com/knakk/rdf/parse/lex.go:875.2,875.36 1 1
github.com/knakk/rdf/parse/lex.go:879.2,879.6 1 1
github.com/knakk/rdf/parse/lex.go:897.2,898.15 2 1
github.com/knakk/rdf/parse/lex.go:872.14,874.3 1 0
github.com/knakk/rdf/parse/lex.go:875.36,877.3 1 0
github.com/knakk/rdf/parse/lex.go:879.6,882.15 2 1
github.com/knakk/rdf/parse/lex.go:892.3,892.22 1 1
github.com/knakk/rdf/parse/lex.go:882.15,884.27 1 1
github.com/knakk/rdf/parse/lex.go:884.27,885.13 1 1
github.com/knakk/rdf/parse/lex.go:886.5,888.10 2 1
github.com/knakk/rdf/parse/lex.go:892.22,894.9 2 1
github.com/knakk/rdf/parse/lex.go:901.32,904.46 2 1
github.com/knakk/rdf/parse/lex.go:907.2,908.12 2 1
github.com/knakk/rdf/parse/lex.go:913.2,913.21 1 1
github.com/knakk/rdf/parse/lex.go:926.2,927.15 2 1
github.com/knakk/rdf/parse/lex.go:904.46,906.3 1 1
github.com/knakk/rdf/parse/lex.go:908.12,910.3 1 1
github.com/knakk/rdf/parse/lex.go:913.21,917.54 3 1
github.com/knakk/rdf/parse/lex.go:920.3,921.13 2 1
github.com/knakk/rdf/parse/lex.go:917.54,919.4 1 1
github.com/knakk/rdf/parse/lex.go:921.13,923.4 1 0
github.com/knakk/rdf/parse/lex.go:930.34,931.29 1 1
github.com/knakk/rdf/parse/lex.go:940.2,940.42 1 0
github.com/knakk/rdf/parse/lex.go:931.29,934.58 2 1
github.com/knakk/rdf/parse/lex.go:936.3,938.35 3 1
github.com/knakk/rdf/parse/lex.go:934.58,935.4 0 1
github.com/knakk/rdf/parse/lex.go:943.50,945.14 2 1
github.com/knakk/rdf/parse/lex.go:950.2,950.23 1 1
github.com/knakk/rdf/parse/lex.go:953.2,953.6 1 1
github.com/knakk/rdf/parse/lex.go:964.2,970.56 4 1
github.com/knakk/rdf/parse/lex.go:973.2,974.15 2 1
github.com/knakk/rdf/parse/lex.go:945.14,949.3 2 1
github.com/knakk/rdf/parse/lex.go:950.23,952.3 1 1
github.com/knakk/rdf/parse/lex.go:953.6,955.15 2 1
github.com/knakk/rdf/parse/lex.go:959.3,959.55 1 1
github.com/knakk/rdf/parse/lex.go:955.15,957.9 2 1
github.com/knakk/rdf/parse/lex.go:959.55,961.4 1 0
github.com/knakk/rdf/parse/lex.go:970.56,971.3 0 1
github.com/knakk/rdf/parse/lex.go:977.39,980.14 3 1
github.com/knakk/rdf/parse/lex.go:985.2,985.23 1 1
github.com/knakk/rdf/parse/lex.go:988.2,988.6 1 1
github.com/knakk/rdf/parse/lex.go:999.2,1005.21 4 1
github.com/knakk/rdf/parse/lex.go:980.14,984.3 2 1
github.com/knakk/rdf/parse/lex.go:985.23,987.3 1 0
github.com/knakk/rdf/parse/lex.go:988.6,990.15 2 1
github.com/knakk/rdf/parse/lex.go:994.3,994.55 1 1
github.com/knakk/rdf/parse/lex.go:990.15,992.9 2 1
github.com/knakk/rdf/parse/lex.go:994.55,996.4 1 1
github.com/knakk/rdf/parse/lex.go:1009.37,1012.14 2 1
github.com/knakk/rdf/parse/lex.go:1018.2,1018.24 1 1
github.com/knakk/rdf/parse/lex.go:1021.2,1021.15 1 1
github.com/knakk/rdf/parse/lex.go:1027.1,1028.50 1 1
github.com/knakk/rdf/parse/lex.go:1042.2,1043.39 2 1
github.com/knakk/rdf/parse/lex.go:1047.2,1048.15 2 1
github.com/knakk/rdf/parse/lex.go:1012.14,1017.3 3 1
github.com/knakk/rdf/parse/lex.go:1018.24,1020.3 1 0
github.com/knakk/rdf/parse/lex.go:1021.15,1025.3 1 1
github.com/knakk/rdf/parse/lex.go:1028.50,1029.16 1 1
github.com/knakk/rdf/parse/lex.go:1029.16,1031.35 2 1
github.com/knakk/rdf/parse/lex.go:1037.4,1037.52 1 0
github.com/knakk/rdf/parse/lex.go:1031.35,1032.17 1 1
github.com/knakk/rdf/parse/lex.go:1032.17,1034.24 2 1
github.com/knakk/rdf/parse/lex.go:1043.39,1046.3 1 0
github.com/knakk/rdf/parse/lex.go:1051.32,1052.27 1 1
github.com/knakk/rdf/parse/lex.go:1061.2,1061.42 1 0
github.com/knakk/rdf/parse/lex.go:1052.27,1055.58 2 1
github.com/knakk/rdf/parse/lex.go:1057.3,1059.16 3 1
github.com/knakk/rdf/parse/lex.go:1055.58,1056.4 0 1
github.com/knakk/rdf/parse/utf8.go:36.46,38.11 2 1
github.com/knakk/rdf/parse/utf8.go:41.2,44.13 2 1
github.com/knakk/rdf/parse/utf8.go:49.2,49.13 1 1
github.com/knakk/rdf/parse/utf8.go:54.2,54.11 1 1
github.com/knakk/rdf/parse/utf8.go:57.2,58.25 2 1
github.com/knakk/rdf/parse/utf8.go:63.2,63.13 1 1
github.com/knakk/rdf/parse/utf8.go:72.2,72.11 1 1
github.com/knakk/rdf/parse/utf8.go:75.2,76.25 2 1
github.com/knakk/rdf/parse/utf8.go:81.2,81.13 1 1
github.com/knakk/rdf/parse/utf8.go:90.2,90.11 1 1
github.com/knakk/rdf/parse/utf8.go:93.2,94.25 2 1
github.com/knakk/rdf/parse/utf8.go:99.2,99.13 1 1
github.com/knakk/rdf/parse/utf8.go:108.2,108.21 1 0
github.com/knakk/rdf/parse/utf8.go:38.11,40.3 1 0
github.com/knakk/rdf/parse/utf8.go:44.13,46.3 1 1
github.com/knakk/rdf/parse/utf8.go:49.13,51.3 1 0
github.com/knakk/rdf/parse/utf8.go:54.11,56.3 1 0
github.com/knakk/rdf/parse/utf8.go:58.25,60.3 1 0
github.com/knakk/rdf/parse/utf8.go:63.13,65.20 2 1
github.com/knakk/rdf/parse/utf8.go:68.3,68.14 1 1
github.com/knakk/rdf/parse/utf8.go:65.20,67.4 1 0
github.com/knakk/rdf/parse/utf8.go:72.11,74.3 1 0
github.com/knakk/rdf/parse/utf8.go:76.25,78.3 1 0
github.com/knakk/rdf/parse/utf8.go:81.13,83.20 2 1
github.com/knakk/rdf/parse/utf8.go:86.3,86.14 1 1
github.com/knakk/rdf/parse/utf8.go:83.20,85.4 1 0
github.com/knakk/rdf/parse/utf8.go:90.11,92.3 1 0
github.com/knakk/rdf/parse/utf8.go:94.25,96.3 1 0
github.com/knakk/rdf/parse/utf8.go:99.13,101.43 2 1
github.com/knakk/rdf/parse/utf8.go:104.3,104.14 1 1
github.com/knakk/rdf/parse/utf8.go:101.43,103.4 1 0
